0	08:55:37.921	Compiling 'MACD Sample'
0	08:55:37.921	Compiling 'Moving Average'
0	08:55:40.124	Compiling 'Accelerator'
0	08:55:40.124	Compiling 'Accumulation'
0	08:55:40.124	Compiling 'Alligator'
0	08:55:40.124	Compiling 'ATR'
0	08:55:40.124	Compiling 'Awesome'
0	08:55:40.124	Compiling 'Bands'
0	08:55:40.124	Compiling 'Bears'
0	08:55:40.124	Compiling 'Bulls'
0	08:55:40.124	Compiling 'CCI'
0	08:55:40.124	Compiling 'Custom Moving Averages'
0	08:55:40.124	Compiling 'Heiken Ashi'
0	08:55:40.124	Compiling 'Ichimoku'
0	08:55:40.124	Compiling 'iExposure'
0	08:55:40.124	Compiling 'MACD'
0	08:55:40.125	Compiling 'Momentum'
0	08:55:40.125	Compiling 'OsMA'
0	08:55:40.125	Compiling 'Parabolic'
0	08:55:40.125	Compiling 'RSI'
0	08:55:40.125	Compiling 'Stochastic'
0	08:55:40.125	Compiling 'ZigZag'
0	08:55:40.125	Compiling 'SimplePanel'
0	08:55:45.495	Compiling 'PeriodConverter'
0	08:55:45.495	Compiling 'DLLSampleTester'
0	08:55:45.495	Compiling 'PipeClient'
0	08:55:45.495	Compiling 'PipeClientPure'
0	08:55:47.451	Compiling 'stdlib'
0	09:57:12.247	Automated trading disabled
3	09:57:12.248	Automated trading disabled because the account has been changed
0	10:00:15.981	Compiling 'MACD Sample'
0	10:00:15.982	Compiling 'Moving Average'
0	10:00:18.416	Compiling 'Accelerator'
0	10:00:18.416	Compiling 'Accumulation'
0	10:00:18.416	Compiling 'Alligator'
0	10:00:18.416	Compiling 'ATR'
0	10:00:18.416	Compiling 'Awesome'
0	10:00:18.416	Compiling 'Bands'
0	10:00:18.416	Compiling 'Bears'
0	10:00:18.416	Compiling 'Bulls'
0	10:00:18.416	Compiling 'CCI'
0	10:00:18.416	Compiling 'Custom Moving Averages'
0	10:00:18.417	Compiling 'Heiken Ashi'
0	10:00:18.417	Compiling 'Ichimoku'
0	10:00:18.417	Compiling 'iExposure'
0	10:00:18.417	Compiling 'MACD'
0	10:00:18.417	Compiling 'Momentum'
0	10:00:18.417	Compiling 'OsMA'
0	10:00:18.417	Compiling 'Parabolic'
0	10:00:18.417	Compiling 'RSI'
0	10:00:18.417	Compiling 'Stochastic'
0	10:00:18.417	Compiling 'ZigZag'
0	10:00:18.417	Compiling 'SimplePanel'
0	10:00:24.253	Compiling 'PeriodConverter'
0	10:00:24.253	Compiling 'DLLSampleTester'
0	10:00:24.253	Compiling 'PipeClient'
0	10:00:24.253	Compiling 'PipeClientPure'
0	10:00:26.416	Compiling 'stdlib'
